#
# There is insufficient memory for the Java Runtime Environment to continue.
# Native memory allocation (malloc) failed to allocate 1323856 bytes for Chunk::new
# Possible reasons:
#   The system is out of physical RAM or swap space
#   In 32 bit mode, the process size limit was hit
# Possible solutions:
#   Reduce memory load on the system
#   Increase physical memory or swap space
#   Check if swap backing store is full
#   Use 64 bit Java on a 64 bit OS
#   Decrease Java heap size (-Xmx/-Xms)
#   Decrease number of Java threads
#   Decrease Java thread stack sizes (-Xss)
#   Set larger code cache with -XX:ReservedCodeCacheSize=
# This output file may be truncated or incomplete.
#
#  Out of Memory Error (allocation.cpp:390), pid=16844, tid=0x0000000000000fc8
#
# JRE version: Java(TM) SE Runtime Environment (8.0_191-b12) (build 1.8.0_191-b12)
# Java VM: Java HotSpot(TM) 64-Bit Server VM (25.191-b12 mixed mode windows-amd64 compressed oops)
# Failed to write core dump. Minidumps are not enabled by default on client versions of Windows
#

---------------  T H R E A D  ---------------

Current thread (0x000000001e2b0000):  JavaThread "C2 CompilerThread0" daemon [_thread_in_native, id=4040, stack(0x000000001f9f0000,0x000000001faf0000)]

Stack: [0x000000001f9f0000,0x000000001faf0000]
[error occurred during error reporting (printing stack bounds), id 0xc0000005]

Native frames: (J=compiled Java code, j=interpreted, Vv=VM code, C=native code)


Current CompileTask:
C2:   6131 2407   !   4       java.net.URLClassLoader$1::run (63 bytes)


---------------  P R O C E S S  ---------------

Java Threads: ( => current thread )
  0x000000001e30d000 JavaThread "Service Thread" daemon [_thread_blocked, id=14684, stack(0x00000000200f0000,0x00000000201f0000)]
  0x000000001fc00800 JavaThread "C1 CompilerThread2" daemon [_thread_blocked, id=17748, stack(0x000000001fff0000,0x00000000200f0000)]
  0x000000001e305800 JavaThread "C2 CompilerThread1" daemon [_thread_in_native, id=16204, stack(0x000000001faf0000,0x000000001fbf0000)]
=>0x000000001e2b0000 JavaThread "C2 CompilerThread0" daemon [_thread_in_native, id=4040, stack(0x000000001f9f0000,0x000000001faf0000)]
  0x000000001e2ac800 JavaThread "Attach Listener" daemon [_thread_blocked, id=11480, stack(0x000000001f8f0000,0x000000001f9f0000)]
  0x000000001e2ab000 JavaThread "Signal Dispatcher" daemon [_thread_blocked, id=1176, stack(0x000000001f7f0000,0x000000001f8f0000)]
  0x0000000004cda800 JavaThread "Finalizer" daemon [_thread_blocked, id=10080, stack(0x000000001f500000,0x000000001f600000)]
  0x000000001e29a000 JavaThread "Reference Handler" daemon [_thread_blocked, id=17096, stack(0x000000001f400000,0x000000001f500000)]
  0x0000000004bde800 JavaThread "main" [_thread_in_Java, id=3540, stack(0x0000000004ab0000,0x0000000004bb0000)]

Other Threads:
  0x000000001e278000 VMThread [stack: 0x000000001f300000,0x000000001f400000] [id=9420]
  0x000000001fc02000 WatcherThread [stack: 0x00000000201f0000,0x00000000202f0000] [id=17912]

VM state:not at safepoint (normal execution)

VM Mutex/Monitor currently owned by a thread: None

Heap:
 PSYoungGen      total 76288K, used 54087K [0x000000076b400000, 0x0000000770900000, 0x00000007c0000000)
  eden space 65536K, 66% used [0x000000076b400000,0x000000076de59d98,0x000000076f400000)
  from space 10752K, 99% used [0x000000076fe80000,0x00000007708f8040,0x0000000770900000)
  to   space 10752K, 0% used [0x000000076f400000,0x000000076f400000,0x000000076fe80000)
 ParOldGen       total 175104K, used 1900K [0x00000006c1c00000, 0x00000006cc700000, 0x000000076b400000)
  object space 175104K, 1% used [0x00000006c1c00000,0x00000006c1ddb010,0x00000006cc700000)
 Metaspace       used 15622K, capacity 15886K, committed 16128K, reserved 1062912K
  class space    used 1869K, capacity 1973K, committed 2048K, reserved 1048576K

Card table byte_map: [0x00000000140a0000,0x00000000148a0000] byte_map_base: 0x0000000010a92000

Marking Bits: (ParMarkBitMap*) 0x000000006c4e3e30
 Begin Bits: [0x00000000151f0000, 0x0000000019180000)
 End Bits:   [0x0000000019180000, 0x000000001d110000)

Polling page: 0x00000000049f0000

CodeCache: size=245760Kb used=9080Kb max_used=9080Kb free=236679Kb
 bounds [0x0000000004ce0000, 0x00000000055d0000, 0x0000000013ce0000]
 total_blobs=2988 nmethods=2623 adapters=276
 compilation: enabled

Compilation events (10 events):
Event: 6.111 Thread 0x000000001fc00800 2632       2       org.apache.maven.model.building.ModelData::getId (49 bytes)
Event: 6.112 Thread 0x000000001fc00800 nmethod 2632 0x00000000055c1b10 code [0x00000000055c1d00, 0x00000000055c24b8]
Event: 6.122 Thread 0x000000001fc00800 2633       2       java.nio.charset.CharsetDecoder::<init> (10 bytes)
Event: 6.122 Thread 0x000000001fc00800 nmethod 2633 0x00000000055c2ad0 code [0x00000000055c2c40, 0x00000000055c2dc8]
Event: 6.122 Thread 0x000000001fc00800 2634       2       java.nio.charset.CharsetDecoder::<init> (108 bytes)
Event: 6.123 Thread 0x000000001fc00800 nmethod 2634 0x00000000055c2e50 code [0x00000000055c3000, 0x00000000055c3488]
Event: 6.123 Thread 0x000000001fc00800 2635       2       java.nio.charset.CharsetDecoder::replaceWith (68 bytes)
Event: 6.123 Thread 0x000000001fc00800 nmethod 2635 0x00000000055c3690 code [0x00000000055c3840, 0x00000000055c3bf8]
Event: 6.123 Thread 0x000000001fc00800 2636       2       org.apache.maven.model.Organization::setLocation (35 bytes)
Event: 6.124 Thread 0x000000001fc00800 nmethod 2636 0x00000000055c3e10 code [0x00000000055c3f80, 0x00000000055c41a8]

GC Heap History (4 events):
Event: 3.856 GC heap before
{Heap before GC invocations=1 (full 0):
 PSYoungGen      total 76288K, used 65536K [0x000000076b400000, 0x0000000770900000, 0x00000007c0000000)
  eden space 65536K, 100% used [0x000000076b400000,0x000000076f400000,0x000000076f400000)
  from space 10752K, 0% used [0x000000076fe80000,0x000000076fe80000,0x0000000770900000)
  to   space 10752K, 0% used [0x000000076f400000,0x000000076f400000,0x000000076fe80000)
 ParOldGen       total 175104K, used 0K [0x00000006c1c00000, 0x00000006cc700000, 0x000000076b400000)
  object space 175104K, 0% used [0x00000006c1c00000,0x00000006c1c00000,0x00000006cc700000)
 Metaspace       used 12080K, capacity 12264K, committed 12416K, reserved 1060864K
  class space    used 1498K, capacity 1572K, committed 1664K, reserved 1048576K
Event: 3.876 GC heap after
Heap after GC invocations=1 (full 0):
 PSYoungGen      total 76288K, used 9931K [0x000000076b400000, 0x0000000770900000, 0x00000007c0000000)
  eden space 65536K, 0% used [0x000000076b400000,0x000000076b400000,0x000000076f400000)
  from space 10752K, 92% used [0x000000076f400000,0x000000076fdb2d28,0x000000076fe80000)
  to   space 10752K, 0% used [0x000000076fe80000,0x000000076fe80000,0x0000000770900000)
 ParOldGen       total 175104K, used 8K [0x00000006c1c00000, 0x00000006cc700000, 0x000000076b400000)
  object space 175104K, 0% used [0x00000006c1c00000,0x00000006c1c02000,0x00000006cc700000)
 Metaspace       used 12080K, capacity 12264K, committed 12416K, reserved 1060864K
  class space    used 1498K, capacity 1572K, committed 1664K, reserved 1048576K
}
Event: 5.489 GC heap before
{Heap before GC invocations=2 (full 0):
 PSYoungGen      total 76288K, used 75467K [0x000000076b400000, 0x0000000770900000, 0x00000007c0000000)
  eden space 65536K, 100% used [0x000000076b400000,0x000000076f400000,0x000000076f400000)
  from space 10752K, 92% used [0x000000076f400000,0x000000076fdb2d28,0x000000076fe80000)
  to   space 10752K, 0% used [0x000000076fe80000,0x000000076fe80000,0x0000000770900000)
 ParOldGen       total 175104K, used 8K [0x00000006c1c00000, 0x00000006cc700000, 0x000000076b400000)
  object space 175104K, 0% used [0x00000006c1c00000,0x00000006c1c02000,0x00000006cc700000)
 Metaspace       used 15196K, capacity 15464K, committed 15616K, reserved 1062912K
  class space    used 1833K, capacity 1940K, committed 2048K, reserved 1048576K
Event: 5.528 GC heap after
Heap after GC invocations=2 (full 0):
 PSYoungGen      total 76288K, used 10720K [0x000000076b400000, 0x0000000770900000, 0x00000007c0000000)
  eden space 65536K, 0% used [0x000000076b400000,0x000000076b400000,0x000000076f400000)
  from space 10752K, 99% used [0x000000076fe80000,0x00000007708f8040,0x0000000770900000)
  to   space 10752K, 0% used [0x000000076f400000,0x000000076f400000,0x000000076fe80000)
 ParOldGen       total 175104K, used 1900K [0x00000006c1c00000, 0x00000006cc700000, 0x000000076b400000)
  object space 175104K, 1% used [0x00000006c1c00000,0x00000006c1ddb010,0x00000006cc700000)
 Metaspace       used 15196K, capacity 15464K, committed 15616K, reserved 1062912K
  class space    used 1833K, capacity 1940K, committed 2048K, reserved 1048576K
}

Deoptimization events (10 events):
Event: 5.599 Thread 0x0000000004bde800 Uncommon trap: reason=bimorphic action=maybe_recompile pc=0x000000000546b834 method=java.lang.ThreadLocal.get()Ljava/lang/Object; @ 6
Event: 5.600 Thread 0x0000000004bde800 Uncommon trap: reason=bimorphic action=maybe_recompile pc=0x000000000546b834 method=java.lang.ThreadLocal.get()Ljava/lang/Object; @ 6
Event: 5.730 Thread 0x0000000004bde800 Uncommon trap: reason=null_check action=make_not_entrant pc=0x00000000055187e8 method=org.apache.maven.model.io.xpp3.MavenXpp3Reader.checkFieldWithDuplicate(Lorg/codehaus/plexus/util/xml/pull/XmlPullParser;Ljava/lang/String;Ljava/lang/String;Ljava/util/Se
Event: 5.804 Thread 0x0000000004bde800 Uncommon trap: reason=unstable_if action=reinterpret pc=0x00000000053c8034 method=org.codehaus.plexus.util.xml.pull.MXParser.nextImpl()I @ 1161
Event: 5.861 Thread 0x0000000004bde800 Uncommon trap: reason=unstable_if action=reinterpret pc=0x0000000005103e64 method=java.util.HashMap.hash(Ljava/lang/Object;)I @ 1
Event: 5.891 Thread 0x0000000004bde800 Uncommon trap: reason=null_check action=make_not_entrant pc=0x0000000005565450 method=org.apache.maven.model.validation.DefaultModelValidator.validateEffectiveDependency(Lorg/apache/maven/model/building/ModelProblemCollector;Lorg/apache/maven/model/Depend
Event: 5.938 Thread 0x0000000004bde800 Uncommon trap: reason=unstable_if action=reinterpret pc=0x0000000005573a1c method=org.codehaus.plexus.util.xml.pull.MXParser.nextImpl()I @ 972
Event: 6.124 Thread 0x0000000004bde800 Uncommon trap: reason=class_check action=maybe_recompile pc=0x00000000053f6bd8 method=org.apache.maven.model.interpolation.StringSearchModelInterpolator$InterpolateObjectAction$MapField.doInterpolate(Ljava/lang/Object;Lorg/apache/maven/model/interpolation
Event: 6.124 Thread 0x0000000004bde800 Uncommon trap: reason=class_check action=maybe_recompile pc=0x00000000053f6bd8 method=org.apache.maven.model.interpolation.StringSearchModelInterpolator$InterpolateObjectAction$MapField.doInterpolate(Ljava/lang/Object;Lorg/apache/maven/model/interpolation
Event: 6.124 Thread 0x0000000004bde800 Uncommon trap: reason=class_check action=maybe_recompile pc=0x00000000053f6bd8 method=org.apache.maven.model.interpolation.StringSearchModelInterpolator$InterpolateObjectAction$MapField.doInterpolate(Ljava/lang/Object;Lorg/apache/maven/model/interpolation

Classes redefined (0 events):
No events

Internal exceptions (10 events):
Event: 4.485 Thread 0x0000000004bde800 Exception <a 'java/lang/NullPointerException'> (0x000000076c1fc488) thrown at [C:\re\workspace\8-2-build-windows-amd64-cygwin\jdk8u191\11896\hotspot\src\share\vm\interpreter\linkResolver.cpp, line 1185]
Event: 4.487 Thread 0x0000000004bde800 Exception <a 'java/lang/NullPointerException'> (0x000000076c2120c8) thrown at [C:\re\workspace\8-2-build-windows-amd64-cygwin\jdk8u191\11896\hotspot\src\share\vm\interpreter\linkResolver.cpp, line 1185]
Event: 4.487 Thread 0x0000000004bde800 Exception <a 'java/lang/NullPointerException'> (0x000000076c2122e0) thrown at [C:\re\workspace\8-2-build-windows-amd64-cygwin\jdk8u191\11896\hotspot\src\share\vm\interpreter\linkResolver.cpp, line 1185]
Event: 4.487 Thread 0x0000000004bde800 Exception <a 'java/lang/NullPointerException'> (0x000000076c2124f8) thrown at [C:\re\workspace\8-2-build-windows-amd64-cygwin\jdk8u191\11896\hotspot\src\share\vm\interpreter\linkResolver.cpp, line 1185]
Event: 4.520 Thread 0x0000000004bde800 Implicit null exception at 0x0000000004f129d6 to 0x0000000004f12d81
Event: 4.520 Thread 0x0000000004bde800 Implicit null exception at 0x0000000004eead56 to 0x0000000004eeb0f9
Event: 4.719 Thread 0x0000000004bde800 Implicit null exception at 0x00000000052e6043 to 0x00000000052e628d
Event: 5.730 Thread 0x0000000004bde800 Implicit null exception at 0x0000000005518583 to 0x00000000055187cd
Event: 5.861 Thread 0x0000000004bde800 Implicit null exception at 0x0000000005103c55 to 0x0000000005103e55
Event: 5.891 Thread 0x0000000004bde800 Implicit null exception at 0x0000000005562ed4 to 0x0000000005565439

Events (10 events):
Event: 6.053 Executing VM operation: ForceSafepoint done
Event: 6.124 Thread 0x0000000004bde800 Uncommon trap: trap_request=0xffffffde fr.pc=0x00000000053f6bd8
Event: 6.124 Thread 0x0000000004bde800 DEOPT PACKING pc=0x00000000053f6bd8 sp=0x0000000004babd10
Event: 6.124 Thread 0x0000000004bde800 DEOPT UNPACKING pc=0x0000000004d2583b sp=0x0000000004babc88 mode 2
Event: 6.124 Thread 0x0000000004bde800 Uncommon trap: trap_request=0xffffffde fr.pc=0x00000000053f6bd8
Event: 6.124 Thread 0x0000000004bde800 DEOPT PACKING pc=0x00000000053f6bd8 sp=0x0000000004babd10
Event: 6.124 Thread 0x0000000004bde800 DEOPT UNPACKING pc=0x0000000004d2583b sp=0x0000000004babc88 mode 2
Event: 6.124 Thread 0x0000000004bde800 Uncommon trap: trap_request=0xffffffde fr.pc=0x00000000053f6bd8
Event: 6.124 Thread 0x0000000004bde800 DEOPT PACKING pc=0x00000000053f6bd8 sp=0x0000000004babd10
Event: 6.124 Thread 0x0000000004bde800 DEOPT UNPACKING pc=0x0000000004d2583b sp=0x0000000004babc88 mode 2


Dynamic libraries:
0x00007ff687480000 - 0x00007ff6874b7000 	C:\Program Files\Java\jdk1.8.0_191\bin\javaw.exe
0x00007ffb6aef0000 - 0x00007ffb6b0d0000 	C:\Windows\SYSTEM32\ntdll.dll
0x00007ffb697e0000 - 0x00007ffb6988e000 	C:\Windows\System32\KERNEL32.DLL
0x00007ffb678e0000 - 0x00007ffb67b46000 	C:\Windows\System32\KERNELBASE.dll
0x00007ffb69000000 - 0x00007ffb690a1000 	C:\Windows\System32\ADVAPI32.dll
0x00007ffb6ace0000 - 0x00007ffb6ad7d000 	C:\Windows\System32\msvcrt.dll
0x00007ffb68650000 - 0x00007ffb686ab000 	C:\Windows\System32\sechost.dll
0x00007ffb690b0000 - 0x00007ffb691cf000 	C:\Windows\System32\RPCRT4.dll
0x00007ffb686b0000 - 0x00007ffb6883f000 	C:\Windows\System32\USER32.dll
0x00007ffb678c0000 - 0x00007ffb678e0000 	C:\Windows\System32\win32u.dll
0x00007ffb68440000 - 0x00007ffb68468000 	C:\Windows\System32\GDI32.dll
0x00007ffb67720000 - 0x00007ffb678b3000 	C:\Windows\System32\gdi32full.dll
0x00007ffb682a0000 - 0x00007ffb6833b000 	C:\Windows\System32\msvcp_win.dll
0x00007ffb67570000 - 0x00007ffb67665000 	C:\Windows\System32\ucrtbase.dll
0x00007ffb661b0000 - 0x00007ffb66419000 	C:\Windows\WinSxS\amd64_microsoft.windows.common-controls_6595b64144ccf1df_6.0.16299.726_none_15ccdb369361144a\COMCTL32.dll
0x00007ffb691e0000 - 0x00007ffb694e7000 	C:\Windows\System32\combase.dll
0x00007ffb68340000 - 0x00007ffb683b2000 	C:\Windows\System32\bcryptPrimitives.dll
0x00007ffb69660000 - 0x00007ffb6968d000 	C:\Windows\System32\IMM32.DLL
0x00007ffb48c40000 - 0x00007ffb48cef000 	C:\Program Files\McAfee\Endpoint Security\Threat Prevention\Ips\EpMPApi.dll
0x00007ffb672f0000 - 0x00007ffb67348000 	C:\Windows\System32\WINTRUST.dll
0x00007ffb67290000 - 0x00007ffb672a2000 	C:\Windows\System32\MSASN1.dll
0x00007ffb673a0000 - 0x00007ffb6756e000 	C:\Windows\System32\CRYPT32.dll
0x000000006d920000 - 0x000000006d92c000 	C:\Program Files\McAfee\Endpoint Security\Threat Prevention\Ips\EpMPThe.dll
0x000000006c570000 - 0x000000006c642000 	C:\Program Files\Java\jdk1.8.0_191\jre\bin\msvcr100.dll
0x000000006bcc0000 - 0x000000006c564000 	C:\Program Files\Java\jdk1.8.0_191\jre\bin\server\jvm.dll
0x00007ffb68470000 - 0x00007ffb68478000 	C:\Windows\System32\PSAPI.DLL
0x00007ffb5d3b0000 - 0x00007ffb5d3b9000 	C:\Windows\SYSTEM32\WSOCK32.dll
0x00007ffb6ae50000 - 0x00007ffb6aebc000 	C:\Windows\System32\WS2_32.dll
0x00007ffb58c70000 - 0x00007ffb58c93000 	C:\Windows\SYSTEM32\WINMM.dll
0x00007ffb5fe60000 - 0x00007ffb5fe6a000 	C:\Windows\SYSTEM32\VERSION.dll
0x00007ffb58c20000 - 0x00007ffb58c4a000 	C:\Windows\SYSTEM32\WINMMBASE.dll
0x00007ffb67350000 - 0x00007ffb6739a000 	C:\Windows\System32\cfgmgr32.dll
0x000000006d990000 - 0x000000006d99f000 	C:\Program Files\Java\jdk1.8.0_191\jre\bin\verify.dll
0x000000006d960000 - 0x000000006d989000 	C:\Program Files\Java\jdk1.8.0_191\jre\bin\java.dll
0x000000006d940000 - 0x000000006d956000 	C:\Program Files\Java\jdk1.8.0_191\jre\bin\zip.dll
0x00007ffb69890000 - 0x00007ffb6acc8000 	C:\Windows\System32\SHELL32.dll
0x00007ffb69550000 - 0x00007ffb695f6000 	C:\Windows\System32\shcore.dll
0x00007ffb67b50000 - 0x00007ffb68297000 	C:\Windows\System32\windows.storage.dll
0x00007ffb69600000 - 0x00007ffb69651000 	C:\Windows\System32\shlwapi.dll
0x00007ffb672b0000 - 0x00007ffb672c1000 	C:\Windows\System32\kernel.appcore.dll
0x00007ffb67240000 - 0x00007ffb6728c000 	C:\Windows\System32\powrprof.dll
0x00007ffb672d0000 - 0x00007ffb672eb000 	C:\Windows\System32\profapi.dll
0x00007ffb66c40000 - 0x00007ffb66c57000 	C:\Windows\SYSTEM32\CRYPTSP.dll
0x00007ffb66670000 - 0x00007ffb666a3000 	C:\Windows\system32\rsaenh.dll
0x00007ffb66d40000 - 0x00007ffb66d65000 	C:\Windows\SYSTEM32\bcrypt.dll
0x00007ffb67170000 - 0x00007ffb67199000 	C:\Windows\SYSTEM32\USERENV.dll
0x00007ffb66c30000 - 0x00007ffb66c3b000 	C:\Windows\SYSTEM32\CRYPTBASE.dll
0x000000006bca0000 - 0x000000006bcba000 	C:\Program Files\Java\jdk1.8.0_191\jre\bin\net.dll
0x00007ffb66a70000 - 0x00007ffb66ad6000 	C:\Windows\system32\mswsock.dll
0x00007ffb66800000 - 0x00007ffb66839000 	C:\Windows\SYSTEM32\IPHLPAPI.DLL
0x00007ffb6acd0000 - 0x00007ffb6acd8000 	C:\Windows\System32\NSI.dll
0x00007ffb62980000 - 0x00007ffb62996000 	C:\Windows\SYSTEM32\dhcpcsvc6.DLL
0x00007ffb62910000 - 0x00007ffb6292a000 	C:\Windows\SYSTEM32\dhcpcsvc.DLL
0x000000006bc80000 - 0x000000006bc91000 	C:\Program Files\Java\jdk1.8.0_191\jre\bin\nio.dll
0x00007ffb5e740000 - 0x00007ffb5e74a000 	C:\Users\nanaman\AppData\Local\Temp\jansi-1.17-7225194070656233608.dll
0x00007ffb5e4c0000 - 0x00007ffb5e4ca000 	C:\Users\nanaman\AppData\Local\Temp\jansi-1.17-8174586907902051556.dll

VM Arguments:
jvm_args: -Dmaven.home=EMBEDDED -Dclassworlds.conf=D:\WorkSpaces\sts\.metadata\.plugins\org.eclipse.m2e.launching\launches\m2conf1515197213501085350.tmp -Dmaven.multiModuleProjectDirectory=D:\WorkSpaces\sts\service-b -Dfile.encoding=Cp1252 
java_command: org.codehaus.plexus.classworlds.launcher.Launcher -Ppom.xml -B install
java_class_path (initial): D:\Softwares\sts-bundle\sts-3.9.6.RELEASE\plugins\org.eclipse.m2e.maven.runtime_1.9.1.20180912-1600\jars\plexus-classworlds-2.5.2.jar
Launcher Type: SUN_STANDARD

Environment Variables:
JAVA_HOME=C:\Program Files\Java\jdk1.8.0_191\
PATH=C:/Program Files/Java/jre1.8.0_191/bin/server;C:/Program Files/Java/jre1.8.0_191/bin;C:/Program Files/Java/jre1.8.0_191/lib/amd64;C:\Program Files\Docker\Docker\Resources\bin;C:\Program Files (x86)\Common Files\Oracle\Java\javapath;C:\Windows\system32;C:\Windows;C:\Windows\System32\Wbem;C:\Windows\System32\WindowsPowerShell\v1.0\;C:\Program Files\Git\cmd;C:\Users\nanaman\Downloads\minikube.exe;C:\Program Files\PuTTY\;C:\Users\nanaman\AppData\Local\Microsoft\WindowsApps;C:\Program Files\Java\jdk1.8.0_191\bin;C:\apache-maven-3.5.4-bin\apache-maven-3.5.4\bin;C:\Users\nanaman\Downloads\minikube.exe;;D:\Softwares\sts-bundle\sts-3.9.6.RELEASE;
USERNAME=NANAMAN
OS=Windows_NT
PROCESSOR_IDENTIFIER=Intel64 Family 6 Model 78 Stepping 3, GenuineIntel



---------------  S Y S T E M  ---------------

OS: Windows 10.0 , 64 bit Build 16299 (10.0.16299.431)

CPU:total 4 (initial active 4) (2 cores per cpu, 2 threads per core) family 6 model 78 stepping 3, cmov, cx8, fxsr, mmx, sse, sse2, sse3, ssse3, sse4.1, sse4.2, popcnt, avx, avx2, aes, clmul, erms, rtm, 3dnowpref, lzcnt, ht, tsc, tscinvbit, bmi1, bmi2, adx

Memory: 4k page, physical 16658920k(4040016k free), swap 16669160k(5600k free)

vm_info: Java HotSpot(TM) 64-Bit Server VM (25.191-b12) for windows-amd64 JRE (1.8.0_191-b12), built on Oct  6 2018 09:29:03 by "java_re" with MS VC++ 10.0 (VS2010)

time: Tue Oct 30 10:39:41 2018
elapsed time: 6 seconds (0d 0h 0m 6s)

